2025-09-29 14:07:04,482 - app.main - INFO - Starting UmukoziHR Resume Tailor API v1.2
2025-09-29 14:07:04,482 - app.main - INFO - API routes registered successfully
2025-09-29 14:07:04,487 - app.main - INFO - Artifacts directory mounted at /artifacts: C:\Users\Jason\Desktop\UmukoziHR\umukozihr-tailor\artifacts
2025-09-29 14:09:18,428 - app.main - INFO - Starting UmukoziHR Resume Tailor API v1.2
2025-09-29 14:09:18,428 - app.main - INFO - CORS middleware configured
2025-09-29 14:09:18,429 - app.main - INFO - API routes registered successfully
2025-09-29 14:09:18,429 - app.main - INFO - Artifacts directory mounted at /artifacts: C:\Users\Jason\Desktop\UmukoziHR\umukozihr-tailor\artifacts
2025-09-29 14:09:45,106 - app.routes.v1_auth - INFO - Signup attempt for email: jasonquist.ssh@gmail.com
2025-09-29 14:09:45,190 - passlib.handlers.bcrypt - WARNING - (trapped) error reading bcrypt version
Traceback (most recent call last):
  File "C:\Users\Jason\Desktop\UmukoziHR\umukozihr-tailor\server\venv\Lib\site-packages\passlib\handlers\bcrypt.py", line 620, in _load_backend_mixin
    version = _bcrypt.__about__.__version__
              ^^^^^^^^^^^^^^^^^
AttributeError: module 'bcrypt' has no attribute '__about__'
2025-09-29 14:09:45,449 - app.routes.v1_auth - INFO - User created successfully: jasonquist.ssh@gmail.com with ID: b27ad0fd-5255-4d03-84b9-4f6083f97ae9
2025-09-29 14:09:45,449 - app.routes.v1_auth - INFO - Access token generated for user: b27ad0fd-5255-4d03-84b9-4f6083f97ae9
2025-09-29 14:15:28,876 - app.routes.v1_profile - INFO - Saving profile for: Jason Quist
2025-09-29 14:15:28,876 - app.routes.v1_profile - INFO - Profile saved successfully to: C:\Users\Jason\Desktop\UmukoziHR\umukozihr-tailor\server\artifacts\profile_Jason_Quist.json
2025-09-29 14:20:51,052 - app.main - INFO - Starting UmukoziHR Resume Tailor API v1.2
2025-09-29 14:20:51,053 - app.main - INFO - CORS middleware configured
2025-09-29 14:20:51,054 - app.main - INFO - API routes registered successfully
2025-09-29 14:20:51,056 - app.main - INFO - Artifacts directory mounted at /artifacts: C:\Users\Jason\Desktop\UmukoziHR\umukozihr-tailor\artifacts
2025-09-29 14:33:21,885 - app.routes.v1_generate - INFO - Starting document generation for run_id: 33b9bdcc-2f34-4bdc-91f4-56f5b89bade4
2025-09-29 14:33:21,885 - app.routes.v1_generate - INFO - User authenticated: True, Jobs count: 1
2025-09-29 14:33:21,885 - app.routes.v1_generate - INFO - Processing job: OAI-2025-09 for company: OpenAI
2025-09-29 14:33:21,885 - app.core.tailor - INFO - Starting tailoring process for job: OAI-2025-09 at OpenAI
2025-09-29 14:33:21,887 - app.core.tailor - INFO - Selected 0 top bullets from profile for job matching
2025-09-29 14:33:21,888 - app.core.tailor - INFO - Built LLM prompt for US region, prompt length: 2572 chars
2025-09-29 14:33:21,889 - app.core.llm - INFO - Calling Gemini LLM with prompt length: 2572 characters
2025-09-29 14:33:22,688 - google_genai.models - INFO - AFC is enabled with max remote calls: 10.
2025-09-29 14:33:40,552 - httpx - INFO - HTTP Request: POST https://generativelanguage.googleapis.com/v1beta/models/gemini-2.5-flash:generateContent "HTTP/1.1 200 OK"
2025-09-29 14:33:40,556 - app.core.llm - INFO - LLM response received successfully, length: 2718 characters
2025-09-29 14:33:40,556 - app.core.tailor - INFO - LLM response received, length: 2718 chars
2025-09-29 14:33:40,556 - app.core.tailor - INFO - LLM output passed schema validation
2025-09-29 14:33:40,556 - app.core.tailor - INFO - LLM output passed business rules validation
2025-09-29 14:33:40,556 - app.core.tailor - INFO - Tailoring process completed successfully for job: OAI-2025-09
2025-09-29 14:33:40,564 - app.routes.v1_generate - INFO - LLM processing completed for job: OAI-2025-09
2025-09-29 14:33:40,598 - app.routes.v1_generate - INFO - Starting PDF compilation for job: OAI-2025-09
2025-09-29 14:33:40,598 - app.core.tex_compile - INFO - Starting LaTeX compilation for 33b9bdcc-2f34-4bdc-91f4-56f5b89bade4_OAI-2025-09_resume.tex
2025-09-29 14:33:40,598 - app.core.tex_compile - WARNING - Local latexmk failed for 33b9bdcc-2f34-4bdc-91f4-56f5b89bade4_OAI-2025-09_resume.tex: [WinError 2] The system cannot find the file specified
2025-09-29 14:33:40,598 - app.core.tex_compile - INFO - Attempting Docker compilation for 33b9bdcc-2f34-4bdc-91f4-56f5b89bade4_OAI-2025-09_resume.tex
2025-09-29 14:33:42,258 - app.core.tex_compile - INFO - PDF compiled successfully with Docker: C:\Users\Jason\Desktop\UmukoziHR\umukozihr-tailor\artifacts\33b9bdcc-2f34-4bdc-91f4-56f5b89bade4_OAI-2025-09_resume.pdf
2025-09-29 14:33:42,258 - app.core.tex_compile - INFO - Starting LaTeX compilation for 33b9bdcc-2f34-4bdc-91f4-56f5b89bade4_OAI-2025-09_cover.tex
2025-09-29 14:33:42,261 - app.core.tex_compile - WARNING - Local latexmk failed for 33b9bdcc-2f34-4bdc-91f4-56f5b89bade4_OAI-2025-09_cover.tex: [WinError 2] The system cannot find the file specified
2025-09-29 14:33:42,261 - app.core.tex_compile - INFO - Attempting Docker compilation for 33b9bdcc-2f34-4bdc-91f4-56f5b89bade4_OAI-2025-09_cover.tex
2025-09-29 14:33:43,263 - app.core.tex_compile - INFO - PDF compiled successfully with Docker: C:\Users\Jason\Desktop\UmukoziHR\umukozihr-tailor\artifacts\33b9bdcc-2f34-4bdc-91f4-56f5b89bade4_OAI-2025-09_cover.pdf
2025-09-29 14:33:43,264 - app.routes.v1_generate - INFO - Resume PDF ready for download: /artifacts/33b9bdcc-2f34-4bdc-91f4-56f5b89bade4_OAI-2025-09_resume.pdf
2025-09-29 14:33:43,264 - app.routes.v1_generate - INFO - Cover letter PDF ready for download: /artifacts/33b9bdcc-2f34-4bdc-91f4-56f5b89bade4_OAI-2025-09_cover.pdf
2025-09-29 14:33:43,268 - app.core.tex_compile - INFO - Added PDF to bundle: 33b9bdcc-2f34-4bdc-91f4-56f5b89bade4_OAI-2025-09_cover.pdf
2025-09-29 14:33:43,271 - app.core.tex_compile - INFO - Added PDF to bundle: 33b9bdcc-2f34-4bdc-91f4-56f5b89bade4_OAI-2025-09_resume.pdf
2025-09-29 14:33:43,272 - app.core.tex_compile - INFO - Added TEX to bundle: 33b9bdcc-2f34-4bdc-91f4-56f5b89bade4_OAI-2025-09_cover.tex
2025-09-29 14:33:43,273 - app.core.tex_compile - INFO - Added TEX to bundle: 33b9bdcc-2f34-4bdc-91f4-56f5b89bade4_OAI-2025-09_resume.tex
2025-09-29 14:33:43,273 - app.core.tex_compile - INFO - Bundle created: C:\Users\Jason\Desktop\UmukoziHR\umukozihr-tailor\artifacts\33b9bdcc-2f34-4bdc-91f4-56f5b89bade4_bundle.zip (2 PDFs, 2 TEX files)
2025-09-29 14:33:43,273 - app.routes.v1_generate - INFO - Document generation completed for run_id: 33b9bdcc-2f34-4bdc-91f4-56f5b89bade4
2025-09-29 14:33:43,273 - app.routes.v1_generate - INFO - Generated 1 artifacts, bundle: C:\Users\Jason\Desktop\UmukoziHR\umukozihr-tailor\artifacts\33b9bdcc-2f34-4bdc-91f4-56f5b89bade4_bundle.zip
2025-09-29 14:38:24,298 - app.main - INFO - Starting UmukoziHR Resume Tailor API v1.2
2025-09-29 14:38:24,298 - app.main - INFO - CORS middleware configured
2025-09-29 14:38:24,301 - app.main - INFO - API routes registered successfully
2025-09-29 14:38:24,302 - app.main - INFO - Artifacts directory mounted at /artifacts: C:\Users\Jason\Desktop\UmukoziHR\umukozihr-tailor\artifacts
2025-09-29 14:38:47,482 - app.routes.v1_generate - INFO - Starting document generation for run_id: 4a319bba-edbf-4f03-b87e-a9739725ccfb
2025-09-29 14:38:47,483 - app.routes.v1_generate - INFO - User authenticated: True, Jobs count: 1
2025-09-29 14:38:47,484 - app.routes.v1_generate - INFO - Processing job: OAI-2025-09 for company: OpenAI
2025-09-29 14:38:47,484 - app.core.tailor - INFO - Starting tailoring process for job: OAI-2025-09 at OpenAI
2025-09-29 14:38:47,484 - app.core.tailor - INFO - Selected 0 top bullets from profile for job matching
2025-09-29 14:38:47,484 - app.core.tailor - INFO - Built LLM prompt for US region, prompt length: 2572 chars
2025-09-29 14:38:47,484 - app.core.llm - INFO - Calling Gemini LLM with prompt length: 2572 characters
2025-09-29 14:38:47,967 - google_genai.models - INFO - AFC is enabled with max remote calls: 10.
2025-09-29 14:39:03,433 - httpx - INFO - HTTP Request: POST https://generativelanguage.googleapis.com/v1beta/models/gemini-2.5-flash:generateContent "HTTP/1.1 200 OK"
2025-09-29 14:39:03,433 - app.core.llm - INFO - LLM response received successfully, length: 2226 characters
2025-09-29 14:39:03,433 - app.core.tailor - INFO - LLM response received, length: 2226 chars
2025-09-29 14:39:03,433 - app.core.tailor - INFO - LLM output passed schema validation
2025-09-29 14:39:03,433 - app.core.tailor - INFO - LLM output passed business rules validation
2025-09-29 14:39:03,433 - app.core.tailor - INFO - Tailoring process completed successfully for job: OAI-2025-09
2025-09-29 14:39:03,433 - app.routes.v1_generate - INFO - LLM processing completed for job: OAI-2025-09
2025-09-29 14:39:03,451 - app.routes.v1_generate - INFO - Starting PDF compilation for job: OAI-2025-09
2025-09-29 14:39:03,452 - app.core.tex_compile - INFO - Starting LaTeX compilation for 4a319bba-edbf-4f03-b87e-a9739725ccfb_OAI-2025-09_resume.tex
2025-09-29 14:39:03,455 - app.core.tex_compile - WARNING - Local latexmk failed for 4a319bba-edbf-4f03-b87e-a9739725ccfb_OAI-2025-09_resume.tex: [WinError 2] The system cannot find the file specified
2025-09-29 14:39:03,456 - app.core.tex_compile - INFO - Attempting Docker compilation for 4a319bba-edbf-4f03-b87e-a9739725ccfb_OAI-2025-09_resume.tex
2025-09-29 14:39:04,487 - app.core.tex_compile - INFO - PDF compiled successfully with Docker: C:\Users\Jason\Desktop\UmukoziHR\umukozihr-tailor\artifacts\4a319bba-edbf-4f03-b87e-a9739725ccfb_OAI-2025-09_resume.pdf
2025-09-29 14:39:04,488 - app.core.tex_compile - INFO - Starting LaTeX compilation for 4a319bba-edbf-4f03-b87e-a9739725ccfb_OAI-2025-09_cover.tex
2025-09-29 14:39:04,490 - app.core.tex_compile - WARNING - Local latexmk failed for 4a319bba-edbf-4f03-b87e-a9739725ccfb_OAI-2025-09_cover.tex: [WinError 2] The system cannot find the file specified
2025-09-29 14:39:04,490 - app.core.tex_compile - INFO - Attempting Docker compilation for 4a319bba-edbf-4f03-b87e-a9739725ccfb_OAI-2025-09_cover.tex
2025-09-29 14:39:05,460 - app.core.tex_compile - INFO - PDF compiled successfully with Docker: C:\Users\Jason\Desktop\UmukoziHR\umukozihr-tailor\artifacts\4a319bba-edbf-4f03-b87e-a9739725ccfb_OAI-2025-09_cover.pdf
2025-09-29 14:39:05,461 - app.routes.v1_generate - INFO - Resume PDF ready for download: /artifacts/4a319bba-edbf-4f03-b87e-a9739725ccfb_OAI-2025-09_resume.pdf
2025-09-29 14:39:05,461 - app.routes.v1_generate - INFO - Cover letter PDF ready for download: /artifacts/4a319bba-edbf-4f03-b87e-a9739725ccfb_OAI-2025-09_cover.pdf
2025-09-29 14:39:05,464 - app.core.tex_compile - INFO - Added PDF to bundle: 4a319bba-edbf-4f03-b87e-a9739725ccfb_OAI-2025-09_cover.pdf
2025-09-29 14:39:05,466 - app.core.tex_compile - INFO - Added PDF to bundle: 4a319bba-edbf-4f03-b87e-a9739725ccfb_OAI-2025-09_resume.pdf
2025-09-29 14:39:05,468 - app.core.tex_compile - INFO - Added TEX to bundle: 4a319bba-edbf-4f03-b87e-a9739725ccfb_OAI-2025-09_cover.tex
2025-09-29 14:39:05,468 - app.core.tex_compile - INFO - Added TEX to bundle: 4a319bba-edbf-4f03-b87e-a9739725ccfb_OAI-2025-09_resume.tex
2025-09-29 14:39:05,469 - app.core.tex_compile - INFO - Bundle created: C:\Users\Jason\Desktop\UmukoziHR\umukozihr-tailor\artifacts\4a319bba-edbf-4f03-b87e-a9739725ccfb_bundle.zip (2 PDFs, 2 TEX files)
2025-09-29 14:39:05,469 - app.routes.v1_generate - INFO - Document generation completed for run_id: 4a319bba-edbf-4f03-b87e-a9739725ccfb
2025-09-29 14:39:05,469 - app.routes.v1_generate - INFO - Generated 1 artifacts, bundle: C:\Users\Jason\Desktop\UmukoziHR\umukozihr-tailor\artifacts\4a319bba-edbf-4f03-b87e-a9739725ccfb_bundle.zip
2025-09-29 14:39:07,489 - app.routes.v1_generate - INFO - Status check requested for run_id: 4a319bba-edbf-4f03-b87e-a9739725ccfb
2025-09-29 14:44:45,725 - app.routes.v1_generate - INFO - Starting document generation for run_id: a1589bc9-a315-4979-9bda-87969e2537f6
2025-09-29 14:44:45,726 - app.routes.v1_generate - INFO - User authenticated: False, Jobs count: 1
2025-09-29 14:44:45,727 - app.routes.v1_generate - INFO - Processing job: OAI-2025-09 for company: OpenAI
2025-09-29 14:44:45,727 - app.core.tailor - INFO - Starting tailoring process for job: OAI-2025-09 at OpenAI
2025-09-29 14:44:45,728 - app.core.tailor - INFO - Selected 0 top bullets from profile for job matching
2025-09-29 14:44:45,730 - app.core.tailor - INFO - Built LLM prompt for US region, prompt length: 2573 chars
2025-09-29 14:44:45,731 - app.core.llm - INFO - Calling Gemini LLM with prompt length: 2573 characters
2025-09-29 14:44:46,467 - google_genai.models - INFO - AFC is enabled with max remote calls: 10.
2025-09-29 14:45:00,606 - httpx - INFO - HTTP Request: POST https://generativelanguage.googleapis.com/v1beta/models/gemini-2.5-flash:generateContent "HTTP/1.1 200 OK"
2025-09-29 14:45:00,616 - app.core.llm - INFO - LLM response received successfully, length: 2424 characters
2025-09-29 14:45:00,621 - app.core.tailor - INFO - LLM response received, length: 2424 chars
2025-09-29 14:45:00,622 - app.core.tailor - INFO - LLM output passed schema validation
2025-09-29 14:45:00,622 - app.core.tailor - INFO - LLM output passed business rules validation
2025-09-29 14:45:00,622 - app.core.tailor - INFO - Tailoring process completed successfully for job: OAI-2025-09
2025-09-29 14:45:00,622 - app.routes.v1_generate - INFO - LLM processing completed for job: OAI-2025-09
2025-09-29 14:45:00,629 - app.routes.v1_generate - INFO - Starting PDF compilation for job: OAI-2025-09
2025-09-29 14:45:00,629 - app.core.tex_compile - INFO - Starting LaTeX compilation for a1589bc9-a315-4979-9bda-87969e2537f6_OAI-2025-09_resume.tex
2025-09-29 14:45:00,629 - app.core.tex_compile - WARNING - Local latexmk failed for a1589bc9-a315-4979-9bda-87969e2537f6_OAI-2025-09_resume.tex: [WinError 2] The system cannot find the file specified
2025-09-29 14:45:00,629 - app.core.tex_compile - INFO - Attempting Docker compilation for a1589bc9-a315-4979-9bda-87969e2537f6_OAI-2025-09_resume.tex
2025-09-29 14:45:01,577 - app.core.tex_compile - INFO - PDF compiled successfully with Docker: C:\Users\Jason\Desktop\UmukoziHR\umukozihr-tailor\artifacts\a1589bc9-a315-4979-9bda-87969e2537f6_OAI-2025-09_resume.pdf
2025-09-29 14:45:01,577 - app.core.tex_compile - INFO - Starting LaTeX compilation for a1589bc9-a315-4979-9bda-87969e2537f6_OAI-2025-09_cover.tex
2025-09-29 14:45:01,579 - app.core.tex_compile - WARNING - Local latexmk failed for a1589bc9-a315-4979-9bda-87969e2537f6_OAI-2025-09_cover.tex: [WinError 2] The system cannot find the file specified
2025-09-29 14:45:01,580 - app.core.tex_compile - INFO - Attempting Docker compilation for a1589bc9-a315-4979-9bda-87969e2537f6_OAI-2025-09_cover.tex
2025-09-29 14:45:02,531 - app.core.tex_compile - INFO - PDF compiled successfully with Docker: C:\Users\Jason\Desktop\UmukoziHR\umukozihr-tailor\artifacts\a1589bc9-a315-4979-9bda-87969e2537f6_OAI-2025-09_cover.pdf
2025-09-29 14:45:02,531 - app.routes.v1_generate - INFO - Resume PDF ready for download: /artifacts/a1589bc9-a315-4979-9bda-87969e2537f6_OAI-2025-09_resume.pdf
2025-09-29 14:45:02,532 - app.routes.v1_generate - INFO - Cover letter PDF ready for download: /artifacts/a1589bc9-a315-4979-9bda-87969e2537f6_OAI-2025-09_cover.pdf
2025-09-29 14:45:02,535 - app.core.tex_compile - INFO - Added PDF to bundle: a1589bc9-a315-4979-9bda-87969e2537f6_OAI-2025-09_cover.pdf
2025-09-29 14:45:02,538 - app.core.tex_compile - INFO - Added PDF to bundle: a1589bc9-a315-4979-9bda-87969e2537f6_OAI-2025-09_resume.pdf
2025-09-29 14:45:02,539 - app.core.tex_compile - INFO - Added TEX to bundle: a1589bc9-a315-4979-9bda-87969e2537f6_OAI-2025-09_cover.tex
2025-09-29 14:45:02,539 - app.core.tex_compile - INFO - Added TEX to bundle: a1589bc9-a315-4979-9bda-87969e2537f6_OAI-2025-09_resume.tex
2025-09-29 14:45:02,540 - app.core.tex_compile - INFO - Bundle created: C:\Users\Jason\Desktop\UmukoziHR\umukozihr-tailor\artifacts\a1589bc9-a315-4979-9bda-87969e2537f6_bundle.zip (2 PDFs, 2 TEX files)
2025-09-29 14:45:02,540 - app.routes.v1_generate - INFO - Document generation completed for run_id: a1589bc9-a315-4979-9bda-87969e2537f6
2025-09-29 14:45:02,540 - app.routes.v1_generate - INFO - Generated 1 artifacts, bundle: C:\Users\Jason\Desktop\UmukoziHR\umukozihr-tailor\artifacts\a1589bc9-a315-4979-9bda-87969e2537f6_bundle.zip
2025-09-29 14:45:04,559 - app.routes.v1_generate - INFO - Status check requested for run_id: a1589bc9-a315-4979-9bda-87969e2537f6
2025-09-29 14:46:09,178 - app.routes.v1_generate - INFO - Starting document generation for run_id: a1264213-eaff-4187-b62e-99502dcd1fb1
2025-09-29 14:46:09,179 - app.routes.v1_generate - INFO - User authenticated: False, Jobs count: 1
2025-09-29 14:46:09,179 - app.routes.v1_generate - INFO - Processing job: OAI-2025-09 for company: OpenAI
2025-09-29 14:46:09,179 - app.core.tailor - INFO - Starting tailoring process for job: OAI-2025-09 at OpenAI
2025-09-29 14:46:09,180 - app.core.tailor - INFO - Selected 0 top bullets from profile for job matching
2025-09-29 14:46:09,181 - app.core.tailor - INFO - Built LLM prompt for US region, prompt length: 2573 chars
2025-09-29 14:46:09,181 - app.core.llm - INFO - Calling Gemini LLM with prompt length: 2573 characters
2025-09-29 14:46:09,933 - google_genai.models - INFO - AFC is enabled with max remote calls: 10.
2025-09-29 14:46:20,046 - httpx - INFO - HTTP Request: POST https://generativelanguage.googleapis.com/v1beta/models/gemini-2.5-flash:generateContent "HTTP/1.1 200 OK"
2025-09-29 14:46:20,077 - app.core.llm - INFO - LLM response received successfully, length: 2793 characters
2025-09-29 14:46:20,080 - app.core.tailor - INFO - LLM response received, length: 2793 chars
2025-09-29 14:46:20,081 - app.core.tailor - INFO - LLM output passed schema validation
2025-09-29 14:46:20,082 - app.core.tailor - INFO - LLM output passed business rules validation
2025-09-29 14:46:20,082 - app.core.tailor - INFO - Tailoring process completed successfully for job: OAI-2025-09
2025-09-29 14:46:20,083 - app.routes.v1_generate - INFO - LLM processing completed for job: OAI-2025-09
2025-09-29 14:46:20,084 - app.routes.v1_generate - INFO - Starting PDF compilation for job: OAI-2025-09
2025-09-29 14:46:20,084 - app.core.tex_compile - INFO - Starting LaTeX compilation for a1264213-eaff-4187-b62e-99502dcd1fb1_OAI-2025-09_resume.tex
2025-09-29 14:46:20,095 - app.core.tex_compile - WARNING - Local latexmk failed for a1264213-eaff-4187-b62e-99502dcd1fb1_OAI-2025-09_resume.tex: [WinError 2] The system cannot find the file specified
2025-09-29 14:46:20,095 - app.core.tex_compile - INFO - Attempting Docker compilation for a1264213-eaff-4187-b62e-99502dcd1fb1_OAI-2025-09_resume.tex
2025-09-29 14:46:21,590 - app.core.tex_compile - INFO - PDF compiled successfully with Docker: C:\Users\Jason\Desktop\UmukoziHR\umukozihr-tailor\artifacts\a1264213-eaff-4187-b62e-99502dcd1fb1_OAI-2025-09_resume.pdf
2025-09-29 14:46:21,591 - app.core.tex_compile - INFO - Starting LaTeX compilation for a1264213-eaff-4187-b62e-99502dcd1fb1_OAI-2025-09_cover.tex
2025-09-29 14:46:21,593 - app.core.tex_compile - WARNING - Local latexmk failed for a1264213-eaff-4187-b62e-99502dcd1fb1_OAI-2025-09_cover.tex: [WinError 2] The system cannot find the file specified
2025-09-29 14:46:21,593 - app.core.tex_compile - INFO - Attempting Docker compilation for a1264213-eaff-4187-b62e-99502dcd1fb1_OAI-2025-09_cover.tex
2025-09-29 14:46:26,563 - app.core.tex_compile - INFO - PDF compiled successfully with Docker: C:\Users\Jason\Desktop\UmukoziHR\umukozihr-tailor\artifacts\a1264213-eaff-4187-b62e-99502dcd1fb1_OAI-2025-09_cover.pdf
2025-09-29 14:46:26,564 - app.routes.v1_generate - INFO - Resume PDF ready for download: /artifacts/a1264213-eaff-4187-b62e-99502dcd1fb1_OAI-2025-09_resume.pdf
2025-09-29 14:46:26,564 - app.routes.v1_generate - INFO - Cover letter PDF ready for download: /artifacts/a1264213-eaff-4187-b62e-99502dcd1fb1_OAI-2025-09_cover.pdf
2025-09-29 14:46:26,568 - app.core.tex_compile - INFO - Added PDF to bundle: a1264213-eaff-4187-b62e-99502dcd1fb1_OAI-2025-09_cover.pdf
2025-09-29 14:46:26,570 - app.core.tex_compile - INFO - Added PDF to bundle: a1264213-eaff-4187-b62e-99502dcd1fb1_OAI-2025-09_resume.pdf
2025-09-29 14:46:26,573 - app.core.tex_compile - INFO - Added TEX to bundle: a1264213-eaff-4187-b62e-99502dcd1fb1_OAI-2025-09_cover.tex
2025-09-29 14:46:26,573 - app.core.tex_compile - INFO - Added TEX to bundle: a1264213-eaff-4187-b62e-99502dcd1fb1_OAI-2025-09_resume.tex
2025-09-29 14:46:26,573 - app.core.tex_compile - INFO - Bundle created: C:\Users\Jason\Desktop\UmukoziHR\umukozihr-tailor\artifacts\a1264213-eaff-4187-b62e-99502dcd1fb1_bundle.zip (2 PDFs, 2 TEX files)
2025-09-29 14:46:26,575 - app.routes.v1_generate - INFO - Document generation completed for run_id: a1264213-eaff-4187-b62e-99502dcd1fb1
2025-09-29 14:46:26,575 - app.routes.v1_generate - INFO - Generated 1 artifacts, bundle: C:\Users\Jason\Desktop\UmukoziHR\umukozihr-tailor\artifacts\a1264213-eaff-4187-b62e-99502dcd1fb1_bundle.zip
2025-09-29 14:46:28,600 - app.routes.v1_generate - INFO - Status check requested for run_id: a1264213-eaff-4187-b62e-99502dcd1fb1
2025-09-29 14:49:24,164 - app.main - INFO - Starting UmukoziHR Resume Tailor API v1.2
2025-09-29 14:49:24,165 - app.main - INFO - CORS middleware configured
2025-09-29 14:49:24,167 - app.main - INFO - API routes registered successfully
2025-09-29 14:49:24,168 - app.main - INFO - Artifacts directory mounted at /artifacts: C:\Users\Jason\Desktop\UmukoziHR\umukozihr-tailor\artifacts
2025-09-29 14:49:25,783 - app.routes.v1_auth - INFO - Login attempt for email: jasonquist.ssh@gmail.com
2025-09-29 14:49:25,787 - passlib.handlers.bcrypt - WARNING - (trapped) error reading bcrypt version
Traceback (most recent call last):
  File "C:\Users\Jason\Desktop\UmukoziHR\umukozihr-tailor\server\venv\Lib\site-packages\passlib\handlers\bcrypt.py", line 620, in _load_backend_mixin
    version = _bcrypt.__about__.__version__
              ^^^^^^^^^^^^^^^^^
AttributeError: module 'bcrypt' has no attribute '__about__'
2025-09-29 14:49:26,002 - app.routes.v1_auth - WARNING - Login failed - invalid credentials for email: jasonquist.ssh@gmail.com
2025-09-29 14:49:57,767 - app.main - INFO - Starting UmukoziHR Resume Tailor API v1.2
2025-09-29 14:49:57,767 - app.main - INFO - CORS middleware configured
2025-09-29 14:49:57,769 - app.main - INFO - API routes registered successfully
2025-09-29 14:49:57,769 - app.main - INFO - Artifacts directory mounted at /artifacts: C:\Users\Jason\Desktop\UmukoziHR\umukozihr-tailor\artifacts
2025-09-29 14:50:35,296 - app.routes.v1_generate - INFO - Starting document generation for run_id: 0f59310c-2e6f-4507-a364-536f05589cc3
2025-09-29 14:50:35,296 - app.routes.v1_generate - INFO - User authenticated: False, Jobs count: 1
2025-09-29 14:50:35,296 - app.routes.v1_generate - INFO - Processing job: OAI-2025-01 for company: OpenAI
2025-09-29 14:50:35,296 - app.core.tailor - INFO - Starting tailoring process for job: OAI-2025-01 at OpenAI
2025-09-29 14:50:35,296 - app.core.tailor - INFO - Selected 0 top bullets from profile for job matching
2025-09-29 14:50:35,296 - app.core.tailor - INFO - Built LLM prompt for US region, prompt length: 2573 chars
2025-09-29 14:50:35,296 - app.core.llm - INFO - Calling Gemini LLM with prompt length: 2573 characters
2025-09-29 14:50:36,305 - google_genai.models - INFO - AFC is enabled with max remote calls: 10.
2025-09-29 14:50:48,523 - httpx - INFO - HTTP Request: POST https://generativelanguage.googleapis.com/v1beta/models/gemini-2.5-flash:generateContent "HTTP/1.1 200 OK"
2025-09-29 14:50:48,524 - app.core.llm - INFO - LLM response received successfully, length: 2694 characters
2025-09-29 14:50:48,529 - app.core.tailor - INFO - LLM response received, length: 2694 chars
2025-09-29 14:50:48,529 - app.core.tailor - INFO - LLM output passed schema validation
2025-09-29 14:50:48,529 - app.core.tailor - INFO - LLM output passed business rules validation
2025-09-29 14:50:48,529 - app.core.tailor - INFO - Tailoring process completed successfully for job: OAI-2025-01
2025-09-29 14:50:48,532 - app.routes.v1_generate - INFO - LLM processing completed for job: OAI-2025-01
2025-09-29 14:50:48,561 - app.routes.v1_generate - INFO - Starting PDF compilation for job: OAI-2025-01
2025-09-29 14:50:48,565 - app.core.tex_compile - INFO - Starting LaTeX compilation for 0f59310c-2e6f-4507-a364-536f05589cc3_OAI-2025-01_resume.tex
2025-09-29 14:50:48,569 - app.core.tex_compile - WARNING - Local latexmk failed for 0f59310c-2e6f-4507-a364-536f05589cc3_OAI-2025-01_resume.tex: [WinError 2] The system cannot find the file specified
2025-09-29 14:50:48,569 - app.core.tex_compile - INFO - Attempting Docker compilation for 0f59310c-2e6f-4507-a364-536f05589cc3_OAI-2025-01_resume.tex
2025-09-29 14:50:49,597 - app.core.tex_compile - INFO - PDF compiled successfully with Docker: C:\Users\Jason\Desktop\UmukoziHR\umukozihr-tailor\artifacts\0f59310c-2e6f-4507-a364-536f05589cc3_OAI-2025-01_resume.pdf
2025-09-29 14:50:49,597 - app.core.tex_compile - INFO - Starting LaTeX compilation for 0f59310c-2e6f-4507-a364-536f05589cc3_OAI-2025-01_cover.tex
2025-09-29 14:50:49,599 - app.core.tex_compile - WARNING - Local latexmk failed for 0f59310c-2e6f-4507-a364-536f05589cc3_OAI-2025-01_cover.tex: [WinError 2] The system cannot find the file specified
2025-09-29 14:50:49,599 - app.core.tex_compile - INFO - Attempting Docker compilation for 0f59310c-2e6f-4507-a364-536f05589cc3_OAI-2025-01_cover.tex
2025-09-29 14:50:50,607 - app.core.tex_compile - INFO - PDF compiled successfully with Docker: C:\Users\Jason\Desktop\UmukoziHR\umukozihr-tailor\artifacts\0f59310c-2e6f-4507-a364-536f05589cc3_OAI-2025-01_cover.pdf
2025-09-29 14:50:50,607 - app.routes.v1_generate - INFO - Resume PDF ready for download: /artifacts/0f59310c-2e6f-4507-a364-536f05589cc3_OAI-2025-01_resume.pdf
2025-09-29 14:50:50,607 - app.routes.v1_generate - INFO - Cover letter PDF ready for download: /artifacts/0f59310c-2e6f-4507-a364-536f05589cc3_OAI-2025-01_cover.pdf
2025-09-29 14:50:50,611 - app.core.tex_compile - INFO - Added PDF to bundle: 0f59310c-2e6f-4507-a364-536f05589cc3_OAI-2025-01_cover.pdf
2025-09-29 14:50:50,613 - app.core.tex_compile - INFO - Added PDF to bundle: 0f59310c-2e6f-4507-a364-536f05589cc3_OAI-2025-01_resume.pdf
2025-09-29 14:50:50,616 - app.core.tex_compile - INFO - Added TEX to bundle: 0f59310c-2e6f-4507-a364-536f05589cc3_OAI-2025-01_cover.tex
2025-09-29 14:50:50,616 - app.core.tex_compile - INFO - Added TEX to bundle: 0f59310c-2e6f-4507-a364-536f05589cc3_OAI-2025-01_resume.tex
2025-09-29 14:50:50,617 - app.core.tex_compile - INFO - Bundle created: C:\Users\Jason\Desktop\UmukoziHR\umukozihr-tailor\artifacts\0f59310c-2e6f-4507-a364-536f05589cc3_bundle.zip (2 PDFs, 2 TEX files)
2025-09-29 14:50:50,617 - app.routes.v1_generate - INFO - Document generation completed for run_id: 0f59310c-2e6f-4507-a364-536f05589cc3
2025-09-29 14:50:50,617 - app.routes.v1_generate - INFO - Generated 1 artifacts, bundle: C:\Users\Jason\Desktop\UmukoziHR\umukozihr-tailor\artifacts\0f59310c-2e6f-4507-a364-536f05589cc3_bundle.zip
